Problem:    tpOtimizacao
Rows:       641
Columns:    300 (240 integer, 240 binary)
Non-zeros:  2940
Status:     INTEGER UNDEFINED
Objective:  z = 0 (MINimum)

   No.   Row name        Activity     Lower bound   Upper bound
------ ------------    ------------- ------------- -------------
     1 z                           0                             
     2 r1[1]                       0             1             = 
     3 r1[2]                       0             1             = 
     4 r1[3]                       0             1             = 
     5 r1[4]                       0             1             = 
     6 r1[5]                       0             1             = 
     7 r1[6]                       0             1             = 
     8 r1[7]                       0             1             = 
     9 r1[8]                       0             1             = 
    10 r1[9]                       0             1             = 
    11 r1[10]                      0             1             = 
    12 r2[1,1]                     0            -0             = 
    13 r2[1,2]                     0            -0             = 
    14 r2[1,3]                     0            -0             = 
    15 r2[1,4]                     0            -0             = 
    16 r2[1,5]                     0            -0             = 
    17 r2[1,6]                     0            -0             = 
    18 r2[1,7]                     0            -0             = 
    19 r2[1,8]                     0            -0             = 
    20 r2[1,9]                     0            -0             = 
    21 r2[1,10]                    0            -0             = 
    22 r2[1,11]                    0            -0             = 
    23 r2[1,12]                    0            -0             = 
    24 r2[1,13]                    0            -0             = 
    25 r2[1,14]                    0            -0             = 
    26 r2[1,15]                    0            -0             = 
    27 r2[1,16]                    0            -0             = 
    28 r2[1,17]                    0            -0             = 
    29 r2[1,18]                    0            -0             = 
    30 r2[1,19]                    0            -0             = 
    31 r2[1,20]                    0            -0             = 
    32 r2[1,21]                    0            -0             = 
    33 r2[1,22]                    0            -0             = 
    34 r2[1,23]                    0            -0             = 
    35 r2[1,24]                    0            -0             = 
    36 r2[1,25]                    0            -0             = 
    37 r2[1,26]                    0            -0             = 
    38 r2[1,27]                    0            -0             = 
    39 r2[1,28]                    0            -0             = 
    40 r2[1,29]                    0            -0             = 
    41 r2[1,30]                    0            -0             = 
    42 r2[2,1]                     0            -0             = 
    43 r2[2,2]                     0            -0             = 
    44 r2[2,3]                     0            -0             = 
    45 r2[2,4]                     0            -0             = 
    46 r2[2,5]                     0            -0             = 
    47 r2[2,6]                     0            -0             = 
    48 r2[2,7]                     0            -0             = 
    49 r2[2,8]                     0            -0             = 
    50 r2[2,9]                     0            -0             = 
    51 r2[2,10]                    0            -0             = 
    52 r2[2,11]                    0            -0             = 
    53 r2[2,12]                    0            -0             = 
    54 r2[2,13]                    0            -0             = 
    55 r2[2,14]                    0            -0             = 
    56 r2[2,15]                    0            -0             = 
    57 r2[2,16]                    0            -0             = 
    58 r2[2,17]                    0            -0             = 
    59 r2[2,18]                    0            -0             = 
    60 r2[2,19]                    0            -0             = 
    61 r2[2,20]                    0            -0             = 
    62 r2[2,21]                    0            -0             = 
    63 r2[2,22]                    0            -0             = 
    64 r2[2,23]                    0            -0             = 
    65 r2[2,24]                    0            -0             = 
    66 r2[2,25]                    0            -0             = 
    67 r2[2,26]                    0            -0             = 
    68 r2[2,27]                    0            -0             = 
    69 r2[2,28]                    0            -0             = 
    70 r2[2,29]                    0            -0             = 
    71 r2[2,30]                    0            -0             = 
    72 r2[3,1]                     0            -0             = 
    73 r2[3,2]                     0            -0             = 
    74 r2[3,3]                     0            -0             = 
    75 r2[3,4]                     0            -0             = 
    76 r2[3,5]                     0            -0             = 
    77 r2[3,6]                     0            -0             = 
    78 r2[3,7]                     0            -0             = 
    79 r2[3,8]                     0            -0             = 
    80 r2[3,9]                     0            -0             = 
    81 r2[3,10]                    0            -0             = 
    82 r2[3,11]                    0            -0             = 
    83 r2[3,12]                    0            -0             = 
    84 r2[3,13]                    0            -0             = 
    85 r2[3,14]                    0            -0             = 
    86 r2[3,15]                    0            -0             = 
    87 r2[3,16]                    0            -0             = 
    88 r2[3,17]                    0            -0             = 
    89 r2[3,18]                    0            -0             = 
    90 r2[3,19]                    0            -0             = 
    91 r2[3,20]                    0            -0             = 
    92 r2[3,21]                    0            -0             = 
    93 r2[3,22]                    0            -0             = 
    94 r2[3,23]                    0            -0             = 
    95 r2[3,24]                    0            -0             = 
    96 r2[3,25]                    0            -0             = 
    97 r2[3,26]                    0            -0             = 
    98 r2[3,27]                    0            -0             = 
    99 r2[3,28]                    0            -0             = 
   100 r2[3,29]                    0            -0             = 
   101 r2[3,30]                    0            -0             = 
   102 r2[4,1]                     0            -0             = 
   103 r2[4,2]                     0            -0             = 
   104 r2[4,3]                     0            -0             = 
   105 r2[4,4]                     0            -0             = 
   106 r2[4,5]                     0            -0             = 
   107 r2[4,6]                     0            -0             = 
   108 r2[4,7]                     0            -0             = 
   109 r2[4,8]                     0            -0             = 
   110 r2[4,9]                     0            -0             = 
   111 r2[4,10]                    0            -0             = 
   112 r2[4,11]                    0            -0             = 
   113 r2[4,12]                    0            -0             = 
   114 r2[4,13]                    0            -0             = 
   115 r2[4,14]                    0            -0             = 
   116 r2[4,15]                    0            -0             = 
   117 r2[4,16]                    0            -0             = 
   118 r2[4,17]                    0            -0             = 
   119 r2[4,18]                    0            -0             = 
   120 r2[4,19]                    0            -0             = 
   121 r2[4,20]                    0            -0             = 
   122 r2[4,21]                    0            -0             = 
   123 r2[4,22]                    0            -0             = 
   124 r2[4,23]                    0            -0             = 
   125 r2[4,24]                    0            -0             = 
   126 r2[4,25]                    0            -0             = 
   127 r2[4,26]                    0            -0             = 
   128 r2[4,27]                    0            -0             = 
   129 r2[4,28]                    0            -0             = 
   130 r2[4,29]                    0            -0             = 
   131 r2[4,30]                    0            -0             = 
   132 r2[5,1]                     0            -0             = 
   133 r2[5,2]                     0            -0             = 
   134 r2[5,3]                     0            -0             = 
   135 r2[5,4]                     0            -0             = 
   136 r2[5,5]                     0            -0             = 
   137 r2[5,6]                     0            -0             = 
   138 r2[5,7]                     0            -0             = 
   139 r2[5,8]                     0            -0             = 
   140 r2[5,9]                     0            -0             = 
   141 r2[5,10]                    0            -0             = 
   142 r2[5,11]                    0            -0             = 
   143 r2[5,12]                    0            -0             = 
   144 r2[5,13]                    0            -0             = 
   145 r2[5,14]                    0            -0             = 
   146 r2[5,15]                    0            -0             = 
   147 r2[5,16]                    0            -0             = 
   148 r2[5,17]                    0            -0             = 
   149 r2[5,18]                    0            -0             = 
   150 r2[5,19]                    0            -0             = 
   151 r2[5,20]                    0            -0             = 
   152 r2[5,21]                    0            -0             = 
   153 r2[5,22]                    0            -0             = 
   154 r2[5,23]                    0            -0             = 
   155 r2[5,24]                    0            -0             = 
   156 r2[5,25]                    0            -0             = 
   157 r2[5,26]                    0            -0             = 
   158 r2[5,27]                    0            -0             = 
   159 r2[5,28]                    0            -0             = 
   160 r2[5,29]                    0            -0             = 
   161 r2[5,30]                    0            -0             = 
   162 r2[6,1]                     0            -0             = 
   163 r2[6,2]                     0            -0             = 
   164 r2[6,3]                     0            -0             = 
   165 r2[6,4]                     0            -0             = 
   166 r2[6,5]                     0            -0             = 
   167 r2[6,6]                     0            -0             = 
   168 r2[6,7]                     0            -0             = 
   169 r2[6,8]                     0            -0             = 
   170 r2[6,9]                     0            -0             = 
   171 r2[6,10]                    0            -0             = 
   172 r2[6,11]                    0            -0             = 
   173 r2[6,12]                    0            -0             = 
   174 r2[6,13]                    0            -0             = 
   175 r2[6,14]                    0            -0             = 
   176 r2[6,15]                    0            -0             = 
   177 r2[6,16]                    0            -0             = 
   178 r2[6,17]                    0            -0             = 
   179 r2[6,18]                    0            -0             = 
   180 r2[6,19]                    0            -0             = 
   181 r2[6,20]                    0            -0             = 
   182 r2[6,21]                    0            -0             = 
   183 r2[6,22]                    0            -0             = 
   184 r2[6,23]                    0            -0             = 
   185 r2[6,24]                    0            -0             = 
   186 r2[6,25]                    0            -0             = 
   187 r2[6,26]                    0            -0             = 
   188 r2[6,27]                    0            -0             = 
   189 r2[6,28]                    0            -0             = 
   190 r2[6,29]                    0            -0             = 
   191 r2[6,30]                    0            -0             = 
   192 r2[7,1]                     0            -0             = 
   193 r2[7,2]                     0            -0             = 
   194 r2[7,3]                     0            -0             = 
   195 r2[7,4]                     0            -0             = 
   196 r2[7,5]                     0            -0             = 
   197 r2[7,6]                     0            -0             = 
   198 r2[7,7]                     0            -0             = 
   199 r2[7,8]                     0            -0             = 
   200 r2[7,9]                     0            -0             = 
   201 r2[7,10]                    0            -0             = 
   202 r2[7,11]                    0            -0             = 
   203 r2[7,12]                    0            -0             = 
   204 r2[7,13]                    0            -0             = 
   205 r2[7,14]                    0            -0             = 
   206 r2[7,15]                    0            -0             = 
   207 r2[7,16]                    0            -0             = 
   208 r2[7,17]                    0            -0             = 
   209 r2[7,18]                    0            -0             = 
   210 r2[7,19]                    0            -0             = 
   211 r2[7,20]                    0            -0             = 
   212 r2[7,21]                    0            -0             = 
   213 r2[7,22]                    0            -0             = 
   214 r2[7,23]                    0            -0             = 
   215 r2[7,24]                    0            -0             = 
   216 r2[7,25]                    0            -0             = 
   217 r2[7,26]                    0            -0             = 
   218 r2[7,27]                    0            -0             = 
   219 r2[7,28]                    0            -0             = 
   220 r2[7,29]                    0            -0             = 
   221 r2[7,30]                    0            -0             = 
   222 r2[8,1]                     0            -0             = 
   223 r2[8,2]                     0            -0             = 
   224 r2[8,3]                     0            -0             = 
   225 r2[8,4]                     0            -0             = 
   226 r2[8,5]                     0            -0             = 
   227 r2[8,6]                     0            -0             = 
   228 r2[8,7]                     0            -0             = 
   229 r2[8,8]                     0            -0             = 
   230 r2[8,9]                     0            -0             = 
   231 r2[8,10]                    0            -0             = 
   232 r2[8,11]                    0            -0             = 
   233 r2[8,12]                    0            -0             = 
   234 r2[8,13]                    0            -0             = 
   235 r2[8,14]                    0            -0             = 
   236 r2[8,15]                    0            -0             = 
   237 r2[8,16]                    0            -0             = 
   238 r2[8,17]                    0            -0             = 
   239 r2[8,18]                    0            -0             = 
   240 r2[8,19]                    0            -0             = 
   241 r2[8,20]                    0            -0             = 
   242 r2[8,21]                    0            -0             = 
   243 r2[8,22]                    0            -0             = 
   244 r2[8,23]                    0            -0             = 
   245 r2[8,24]                    0            -0             = 
   246 r2[8,25]                    0            -0             = 
   247 r2[8,26]                    0            -0             = 
   248 r2[8,27]                    0            -0             = 
   249 r2[8,28]                    0            -0             = 
   250 r2[8,29]                    0            -0             = 
   251 r2[8,30]                    0            -0             = 
   252 r2[9,1]                     0            -0             = 
   253 r2[9,2]                     0            -0             = 
   254 r2[9,3]                     0            -0             = 
   255 r2[9,4]                     0            -0             = 
   256 r2[9,5]                     0            -0             = 
   257 r2[9,6]                     0            -0             = 
   258 r2[9,7]                     0            -0             = 
   259 r2[9,8]                     0            -0             = 
   260 r2[9,9]                     0            -0             = 
   261 r2[9,10]                    0            -0             = 
   262 r2[9,11]                    0            -0             = 
   263 r2[9,12]                    0            -0             = 
   264 r2[9,13]                    0            -0             = 
   265 r2[9,14]                    0            -0             = 
   266 r2[9,15]                    0            -0             = 
   267 r2[9,16]                    0            -0             = 
   268 r2[9,17]                    0            -0             = 
   269 r2[9,18]                    0            -0             = 
   270 r2[9,19]                    0            -0             = 
   271 r2[9,20]                    0            -0             = 
   272 r2[9,21]                    0            -0             = 
   273 r2[9,22]                    0            -0             = 
   274 r2[9,23]                    0            -0             = 
   275 r2[9,24]                    0            -0             = 
   276 r2[9,25]                    0            -0             = 
   277 r2[9,26]                    0            -0             = 
   278 r2[9,27]                    0            -0             = 
   279 r2[9,28]                    0            -0             = 
   280 r2[9,29]                    0            -0             = 
   281 r2[9,30]                    0            -0             = 
   282 r2[10,1]                    0            -0             = 
   283 r2[10,2]                    0            -0             = 
   284 r2[10,3]                    0            -0             = 
   285 r2[10,4]                    0            -0             = 
   286 r2[10,5]                    0            -0             = 
   287 r2[10,6]                    0            -0             = 
   288 r2[10,7]                    0            -0             = 
   289 r2[10,8]                    0            -0             = 
   290 r2[10,9]                    0            -0             = 
   291 r2[10,10]                   0            -0             = 
   292 r2[10,11]                   0            -0             = 
   293 r2[10,12]                   0            -0             = 
   294 r2[10,13]                   0            -0             = 
   295 r2[10,14]                   0            -0             = 
   296 r2[10,15]                   0            -0             = 
   297 r2[10,16]                   0            -0             = 
   298 r2[10,17]                   0            -0             = 
   299 r2[10,18]                   0            -0             = 
   300 r2[10,19]                   0            -0             = 
   301 r2[10,20]                   0            -0             = 
   302 r2[10,21]                   0            -0             = 
   303 r2[10,22]                   0            -0             = 
   304 r2[10,23]                   0            -0             = 
   305 r2[10,24]                   0            -0             = 
   306 r2[10,25]                   0            -0             = 
   307 r2[10,26]                   0            -0             = 
   308 r2[10,27]                   0            -0             = 
   309 r2[10,28]                   0            -0             = 
   310 r2[10,29]                   0            -0             = 
   311 r2[10,30]                   0            -0             = 
   312 r3[1]                       0                           1 
   313 r3[2]                       0                           1 
   314 r3[3]                       0                           1 
   315 r3[4]                       0                           1 
   316 r3[5]                       0                           1 
   317 r3[6]                       0                           1 
   318 r3[7]                       0                           1 
   319 r3[8]                       0                           1 
   320 r3[9]                       0                           1 
   321 r3[10]                      0                           1 
   322 r3[11]                      0                           1 
   323 r3[12]                      0                           1 
   324 r3[13]                      0                           1 
   325 r3[14]                      0                           1 
   326 r3[15]                      0                           1 
   327 r3[16]                      0                           1 
   328 r3[17]                      0                           1 
   329 r3[18]                      0                           1 
   330 r3[19]                      0                           1 
   331 r3[20]                      0                           1 
   332 r3[21]                      0                           1 
   333 r3[22]                      0                           1 
   334 r3[23]                      0                           1 
   335 r3[24]                      0                           1 
   336 r3[25]                      0                           1 
   337 r3[26]                      0                           1 
   338 r3[27]                      0                           1 
   339 r3[28]                      0                           1 
   340 r3[29]                      0                           1 
   341 r3[30]                      0                           1 
   342 r4[1,1]                     0            -0             = 
   343 r4[1,2]                     0            -0             = 
   344 r4[1,3]                     0            -0             = 
   345 r4[1,4]                     0            -0             = 
   346 r4[1,5]                     0            -0             = 
   347 r4[1,6]                     0            -0             = 
   348 r4[1,7]                     0            -0             = 
   349 r4[1,8]                     0            -0             = 
   350 r4[1,9]                     0            -0             = 
   351 r4[1,10]                    0            -0             = 
   352 r4[1,11]                    0            -0             = 
   353 r4[1,12]                    0            -0             = 
   354 r4[1,13]                    0            -0             = 
   355 r4[1,14]                    0            -0             = 
   356 r4[1,15]                    0            -0             = 
   357 r4[1,16]                    0            -0             = 
   358 r4[1,17]                    0            -0             = 
   359 r4[1,18]                    0            -0             = 
   360 r4[1,19]                    0            -0             = 
   361 r4[1,20]                    0            -0             = 
   362 r4[1,21]                    0            -0             = 
   363 r4[1,22]                    0            -0             = 
   364 r4[1,23]                    0            -0             = 
   365 r4[1,24]                    0            -0             = 
   366 r4[1,25]                    0            -0             = 
   367 r4[1,26]                    0            -0             = 
   368 r4[1,27]                    0            -0             = 
   369 r4[1,28]                    0            -0             = 
   370 r4[1,29]                    0            -0             = 
   371 r4[1,30]                    0            -0             = 
   372 r4[2,1]                     0            -0             = 
   373 r4[2,2]                     0            -0             = 
   374 r4[2,3]                     0            -0             = 
   375 r4[2,4]                     0            -0             = 
   376 r4[2,5]                     0            -0             = 
   377 r4[2,6]                     0            -0             = 
   378 r4[2,7]                     0            -0             = 
   379 r4[2,8]                     0            -0             = 
   380 r4[2,9]                     0            -0             = 
   381 r4[2,10]                    0            -0             = 
   382 r4[2,11]                    0            -0             = 
   383 r4[2,12]                    0            -0             = 
   384 r4[2,13]                    0            -0             = 
   385 r4[2,14]                    0            -0             = 
   386 r4[2,15]                    0            -0             = 
   387 r4[2,16]                    0            -0             = 
   388 r4[2,17]                    0            -0             = 
   389 r4[2,18]                    0            -0             = 
   390 r4[2,19]                    0            -0             = 
   391 r4[2,20]                    0            -0             = 
   392 r4[2,21]                    0            -0             = 
   393 r4[2,22]                    0            -0             = 
   394 r4[2,23]                    0            -0             = 
   395 r4[2,24]                    0            -0             = 
   396 r4[2,25]                    0            -0             = 
   397 r4[2,26]                    0            -0             = 
   398 r4[2,27]                    0            -0             = 
   399 r4[2,28]                    0            -0             = 
   400 r4[2,29]                    0            -0             = 
   401 r4[2,30]                    0            -0             = 
   402 r4[3,1]                     0            -0             = 
   403 r4[3,2]                     0            -0             = 
   404 r4[3,3]                     0            -0             = 
   405 r4[3,4]                     0            -0             = 
   406 r4[3,5]                     0            -0             = 
   407 r4[3,6]                     0            -0             = 
   408 r4[3,7]                     0            -0             = 
   409 r4[3,8]                     0            -0             = 
   410 r4[3,9]                     0            -0             = 
   411 r4[3,10]                    0            -0             = 
   412 r4[3,11]                    0            -0             = 
   413 r4[3,12]                    0            -0             = 
   414 r4[3,13]                    0            -0             = 
   415 r4[3,14]                    0            -0             = 
   416 r4[3,15]                    0            -0             = 
   417 r4[3,16]                    0            -0             = 
   418 r4[3,17]                    0            -0             = 
   419 r4[3,18]                    0            -0             = 
   420 r4[3,19]                    0            -0             = 
   421 r4[3,20]                    0            -0             = 
   422 r4[3,21]                    0            -0             = 
   423 r4[3,22]                    0            -0             = 
   424 r4[3,23]                    0            -0             = 
   425 r4[3,24]                    0            -0             = 
   426 r4[3,25]                    0            -0             = 
   427 r4[3,26]                    0            -0             = 
   428 r4[3,27]                    0            -0             = 
   429 r4[3,28]                    0            -0             = 
   430 r4[3,29]                    0            -0             = 
   431 r4[3,30]                    0            -0             = 
   432 r4[4,1]                     0            -0             = 
   433 r4[4,2]                     0            -0             = 
   434 r4[4,3]                     0            -0             = 
   435 r4[4,4]                     0            -0             = 
   436 r4[4,5]                     0            -0             = 
   437 r4[4,6]                     0            -0             = 
   438 r4[4,7]                     0            -0             = 
   439 r4[4,8]                     0            -0             = 
   440 r4[4,9]                     0            -0             = 
   441 r4[4,10]                    0            -0             = 
   442 r4[4,11]                    0            -0             = 
   443 r4[4,12]                    0            -0             = 
   444 r4[4,13]                    0            -0             = 
   445 r4[4,14]                    0            -0             = 
   446 r4[4,15]                    0            -0             = 
   447 r4[4,16]                    0            -0             = 
   448 r4[4,17]                    0            -0             = 
   449 r4[4,18]                    0            -0             = 
   450 r4[4,19]                    0            -0             = 
   451 r4[4,20]                    0            -0             = 
   452 r4[4,21]                    0            -0             = 
   453 r4[4,22]                    0            -0             = 
   454 r4[4,23]                    0            -0             = 
   455 r4[4,24]                    0            -0             = 
   456 r4[4,25]                    0            -0             = 
   457 r4[4,26]                    0            -0             = 
   458 r4[4,27]                    0            -0             = 
   459 r4[4,28]                    0            -0             = 
   460 r4[4,29]                    0            -0             = 
   461 r4[4,30]                    0            -0             = 
   462 r4[5,1]                     0            -0             = 
   463 r4[5,2]                     0            -0             = 
   464 r4[5,3]                     0            -0             = 
   465 r4[5,4]                     0            -0             = 
   466 r4[5,5]                     0            -0             = 
   467 r4[5,6]                     0            -0             = 
   468 r4[5,7]                     0            -0             = 
   469 r4[5,8]                     0            -0             = 
   470 r4[5,9]                     0            -0             = 
   471 r4[5,10]                    0            -0             = 
   472 r4[5,11]                    0            -0             = 
   473 r4[5,12]                    0            -0             = 
   474 r4[5,13]                    0            -0             = 
   475 r4[5,14]                    0            -0             = 
   476 r4[5,15]                    0            -0             = 
   477 r4[5,16]                    0            -0             = 
   478 r4[5,17]                    0            -0             = 
   479 r4[5,18]                    0            -0             = 
   480 r4[5,19]                    0            -0             = 
   481 r4[5,20]                    0            -0             = 
   482 r4[5,21]                    0            -0             = 
   483 r4[5,22]                    0            -0             = 
   484 r4[5,23]                    0            -0             = 
   485 r4[5,24]                    0            -0             = 
   486 r4[5,25]                    0            -0             = 
   487 r4[5,26]                    0            -0             = 
   488 r4[5,27]                    0            -0             = 
   489 r4[5,28]                    0            -0             = 
   490 r4[5,29]                    0            -0             = 
   491 r4[5,30]                    0            -0             = 
   492 r4[6,1]                     0            -0             = 
   493 r4[6,2]                     0            -0             = 
   494 r4[6,3]                     0            -0             = 
   495 r4[6,4]                     0            -0             = 
   496 r4[6,5]                     0            -0             = 
   497 r4[6,6]                     0            -0             = 
   498 r4[6,7]                     0            -0             = 
   499 r4[6,8]                     0            -0             = 
   500 r4[6,9]                     0            -0             = 
   501 r4[6,10]                    0            -0             = 
   502 r4[6,11]                    0            -0             = 
   503 r4[6,12]                    0            -0             = 
   504 r4[6,13]                    0            -0             = 
   505 r4[6,14]                    0            -0             = 
   506 r4[6,15]                    0            -0             = 
   507 r4[6,16]                    0            -0             = 
   508 r4[6,17]                    0            -0             = 
   509 r4[6,18]                    0            -0             = 
   510 r4[6,19]                    0            -0             = 
   511 r4[6,20]                    0            -0             = 
   512 r4[6,21]                    0            -0             = 
   513 r4[6,22]                    0            -0             = 
   514 r4[6,23]                    0            -0             = 
   515 r4[6,24]                    0            -0             = 
   516 r4[6,25]                    0            -0             = 
   517 r4[6,26]                    0            -0             = 
   518 r4[6,27]                    0            -0             = 
   519 r4[6,28]                    0            -0             = 
   520 r4[6,29]                    0            -0             = 
   521 r4[6,30]                    0            -0             = 
   522 r4[7,1]                     0            -0             = 
   523 r4[7,2]                     0            -0             = 
   524 r4[7,3]                     0            -0             = 
   525 r4[7,4]                     0            -0             = 
   526 r4[7,5]                     0            -0             = 
   527 r4[7,6]                     0            -0             = 
   528 r4[7,7]                     0            -0             = 
   529 r4[7,8]                     0            -0             = 
   530 r4[7,9]                     0            -0             = 
   531 r4[7,10]                    0            -0             = 
   532 r4[7,11]                    0            -0             = 
   533 r4[7,12]                    0            -0             = 
   534 r4[7,13]                    0            -0             = 
   535 r4[7,14]                    0            -0             = 
   536 r4[7,15]                    0            -0             = 
   537 r4[7,16]                    0            -0             = 
   538 r4[7,17]                    0            -0             = 
   539 r4[7,18]                    0            -0             = 
   540 r4[7,19]                    0            -0             = 
   541 r4[7,20]                    0            -0             = 
   542 r4[7,21]                    0            -0             = 
   543 r4[7,22]                    0            -0             = 
   544 r4[7,23]                    0            -0             = 
   545 r4[7,24]                    0            -0             = 
   546 r4[7,25]                    0            -0             = 
   547 r4[7,26]                    0            -0             = 
   548 r4[7,27]                    0            -0             = 
   549 r4[7,28]                    0            -0             = 
   550 r4[7,29]                    0            -0             = 
   551 r4[7,30]                    0            -0             = 
   552 r4[8,1]                     0            -0             = 
   553 r4[8,2]                     0            -0             = 
   554 r4[8,3]                     0            -0             = 
   555 r4[8,4]                     0            -0             = 
   556 r4[8,5]                     0            -0             = 
   557 r4[8,6]                     0            -0             = 
   558 r4[8,7]                     0            -0             = 
   559 r4[8,8]                     0            -0             = 
   560 r4[8,9]                     0            -0             = 
   561 r4[8,10]                    0            -0             = 
   562 r4[8,11]                    0            -0             = 
   563 r4[8,12]                    0            -0             = 
   564 r4[8,13]                    0            -0             = 
   565 r4[8,14]                    0            -0             = 
   566 r4[8,15]                    0            -0             = 
   567 r4[8,16]                    0            -0             = 
   568 r4[8,17]                    0            -0             = 
   569 r4[8,18]                    0            -0             = 
   570 r4[8,19]                    0            -0             = 
   571 r4[8,20]                    0            -0             = 
   572 r4[8,21]                    0            -0             = 
   573 r4[8,22]                    0            -0             = 
   574 r4[8,23]                    0            -0             = 
   575 r4[8,24]                    0            -0             = 
   576 r4[8,25]                    0            -0             = 
   577 r4[8,26]                    0            -0             = 
   578 r4[8,27]                    0            -0             = 
   579 r4[8,28]                    0            -0             = 
   580 r4[8,29]                    0            -0             = 
   581 r4[8,30]                    0            -0             = 
   582 r4[9,1]                     0            -0             = 
   583 r4[9,2]                     0            -0             = 
   584 r4[9,3]                     0            -0             = 
   585 r4[9,4]                     0            -0             = 
   586 r4[9,5]                     0            -0             = 
   587 r4[9,6]                     0            -0             = 
   588 r4[9,7]                     0            -0             = 
   589 r4[9,8]                     0            -0             = 
   590 r4[9,9]                     0            -0             = 
   591 r4[9,10]                    0            -0             = 
   592 r4[9,11]                    0            -0             = 
   593 r4[9,12]                    0            -0             = 
   594 r4[9,13]                    0            -0             = 
   595 r4[9,14]                    0            -0             = 
   596 r4[9,15]                    0            -0             = 
   597 r4[9,16]                    0            -0             = 
   598 r4[9,17]                    0            -0             = 
   599 r4[9,18]                    0            -0             = 
   600 r4[9,19]                    0            -0             = 
   601 r4[9,20]                    0            -0             = 
   602 r4[9,21]                    0            -0             = 
   603 r4[9,22]                    0            -0             = 
   604 r4[9,23]                    0            -0             = 
   605 r4[9,24]                    0            -0             = 
   606 r4[9,25]                    0            -0             = 
   607 r4[9,26]                    0            -0             = 
   608 r4[9,27]                    0            -0             = 
   609 r4[9,28]                    0            -0             = 
   610 r4[9,29]                    0            -0             = 
   611 r4[9,30]                    0            -0             = 
   612 r4[10,1]                    0            -0             = 
   613 r4[10,2]                    0            -0             = 
   614 r4[10,3]                    0            -0             = 
   615 r4[10,4]                    0            -0             = 
   616 r4[10,5]                    0            -0             = 
   617 r4[10,6]                    0            -0             = 
   618 r4[10,7]                    0            -0             = 
   619 r4[10,8]                    0            -0             = 
   620 r4[10,9]                    0            -0             = 
   621 r4[10,10]                   0            -0             = 
   622 r4[10,11]                   0            -0             = 
   623 r4[10,12]                   0            -0             = 
   624 r4[10,13]                   0            -0             = 
   625 r4[10,14]                   0            -0             = 
   626 r4[10,15]                   0            -0             = 
   627 r4[10,16]                   0            -0             = 
   628 r4[10,17]                   0            -0             = 
   629 r4[10,18]                   0            -0             = 
   630 r4[10,19]                   0            -0             = 
   631 r4[10,20]                   0            -0             = 
   632 r4[10,21]                   0            -0             = 
   633 r4[10,22]                   0            -0             = 
   634 r4[10,23]                   0            -0             = 
   635 r4[10,24]                   0            -0             = 
   636 r4[10,25]                   0            -0             = 
   637 r4[10,26]                   0            -0             = 
   638 r4[10,27]                   0            -0             = 
   639 r4[10,28]                   0            -0             = 
   640 r4[10,29]                   0            -0             = 
   641 r4[10,30]                   0            -0             = 

   No. Column name       Activity     Lower bound   Upper bound
------ ------------    ------------- ------------- -------------
     1 Y[25,1]      *              0             0             1 
     2 Y[26,1]      *              0             0             1 
     3 Y[27,1]      *              0             0             1 
     4 Y[49,1]      *              0             0             1 
     5 Y[39,1]      *              0             0             1 
     6 Y[38,1]      *              0             0             1 
     7 Y[18,1]      *              0             0             1 
     8 Y[810,1]     *              0             0             1 
     9 Y[25,2]      *              0             0             1 
    10 Y[26,2]      *              0             0             1 
    11 Y[27,2]      *              0             0             1 
    12 Y[49,2]      *              0             0             1 
    13 Y[39,2]      *              0             0             1 
    14 Y[38,2]      *              0             0             1 
    15 Y[18,2]      *              0             0             1 
    16 Y[810,2]     *              0             0             1 
    17 Y[25,3]      *              0             0             1 
    18 Y[26,3]      *              0             0             1 
    19 Y[27,3]      *              0             0             1 
    20 Y[49,3]      *              0             0             1 
    21 Y[39,3]      *              0             0             1 
    22 Y[38,3]      *              0             0             1 
    23 Y[18,3]      *              0             0             1 
    24 Y[810,3]     *              0             0             1 
    25 Y[25,4]      *              0             0             1 
    26 Y[26,4]      *              0             0             1 
    27 Y[27,4]      *              0             0             1 
    28 Y[49,4]      *              0             0             1 
    29 Y[39,4]      *              0             0             1 
    30 Y[38,4]      *              0             0             1 
    31 Y[18,4]      *              0             0             1 
    32 Y[810,4]     *              0             0             1 
    33 Y[25,5]      *              0             0             1 
    34 Y[26,5]      *              0             0             1 
    35 Y[27,5]      *              0             0             1 
    36 Y[49,5]      *              0             0             1 
    37 Y[39,5]      *              0             0             1 
    38 Y[38,5]      *              0             0             1 
    39 Y[18,5]      *              0             0             1 
    40 Y[810,5]     *              0             0             1 
    41 Y[25,6]      *              0             0             1 
    42 Y[26,6]      *              0             0             1 
    43 Y[27,6]      *              0             0             1 
    44 Y[49,6]      *              0             0             1 
    45 Y[39,6]      *              0             0             1 
    46 Y[38,6]      *              0             0             1 
    47 Y[18,6]      *              0             0             1 
    48 Y[810,6]     *              0             0             1 
    49 Y[25,7]      *              0             0             1 
    50 Y[26,7]      *              0             0             1 
    51 Y[27,7]      *              0             0             1 
    52 Y[49,7]      *              0             0             1 
    53 Y[39,7]      *              0             0             1 
    54 Y[38,7]      *              0             0             1 
    55 Y[18,7]      *              0             0             1 
    56 Y[810,7]     *              0             0             1 
    57 Y[25,8]      *              0             0             1 
    58 Y[26,8]      *              0             0             1 
    59 Y[27,8]      *              0             0             1 
    60 Y[49,8]      *              0             0             1 
    61 Y[39,8]      *              0             0             1 
    62 Y[38,8]      *              0             0             1 
    63 Y[18,8]      *              0             0             1 
    64 Y[810,8]     *              0             0             1 
    65 Y[25,9]      *              0             0             1 
    66 Y[26,9]      *              0             0             1 
    67 Y[27,9]      *              0             0             1 
    68 Y[49,9]      *              0             0             1 
    69 Y[39,9]      *              0             0             1 
    70 Y[38,9]      *              0             0             1 
    71 Y[18,9]      *              0             0             1 
    72 Y[810,9]     *              0             0             1 
    73 Y[25,10]     *              0             0             1 
    74 Y[26,10]     *              0             0             1 
    75 Y[27,10]     *              0             0             1 
    76 Y[49,10]     *              0             0             1 
    77 Y[39,10]     *              0             0             1 
    78 Y[38,10]     *              0             0             1 
    79 Y[18,10]     *              0             0             1 
    80 Y[810,10]    *              0             0             1 
    81 Y[25,11]     *              0             0             1 
    82 Y[26,11]     *              0             0             1 
    83 Y[27,11]     *              0             0             1 
    84 Y[49,11]     *              0             0             1 
    85 Y[39,11]     *              0             0             1 
    86 Y[38,11]     *              0             0             1 
    87 Y[18,11]     *              0             0             1 
    88 Y[810,11]    *              0             0             1 
    89 Y[25,12]     *              0             0             1 
    90 Y[26,12]     *              0             0             1 
    91 Y[27,12]     *              0             0             1 
    92 Y[49,12]     *              0             0             1 
    93 Y[39,12]     *              0             0             1 
    94 Y[38,12]     *              0             0             1 
    95 Y[18,12]     *              0             0             1 
    96 Y[810,12]    *              0             0             1 
    97 Y[25,13]     *              0             0             1 
    98 Y[26,13]     *              0             0             1 
    99 Y[27,13]     *              0             0             1 
   100 Y[49,13]     *              0             0             1 
   101 Y[39,13]     *              0             0             1 
   102 Y[38,13]     *              0             0             1 
   103 Y[18,13]     *              0             0             1 
   104 Y[810,13]    *              0             0             1 
   105 Y[25,14]     *              0             0             1 
   106 Y[26,14]     *              0             0             1 
   107 Y[27,14]     *              0             0             1 
   108 Y[49,14]     *              0             0             1 
   109 Y[39,14]     *              0             0             1 
   110 Y[38,14]     *              0             0             1 
   111 Y[18,14]     *              0             0             1 
   112 Y[810,14]    *              0             0             1 
   113 Y[25,15]     *              0             0             1 
   114 Y[26,15]     *              0             0             1 
   115 Y[27,15]     *              0             0             1 
   116 Y[49,15]     *              0             0             1 
   117 Y[39,15]     *              0             0             1 
   118 Y[38,15]     *              0             0             1 
   119 Y[18,15]     *              0             0             1 
   120 Y[810,15]    *              0             0             1 
   121 Y[25,16]     *              0             0             1 
   122 Y[26,16]     *              0             0             1 
   123 Y[27,16]     *              0             0             1 
   124 Y[49,16]     *              0             0             1 
   125 Y[39,16]     *              0             0             1 
   126 Y[38,16]     *              0             0             1 
   127 Y[18,16]     *              0             0             1 
   128 Y[810,16]    *              0             0             1 
   129 Y[25,17]     *              0             0             1 
   130 Y[26,17]     *              0             0             1 
   131 Y[27,17]     *              0             0             1 
   132 Y[49,17]     *              0             0             1 
   133 Y[39,17]     *              0             0             1 
   134 Y[38,17]     *              0             0             1 
   135 Y[18,17]     *              0             0             1 
   136 Y[810,17]    *              0             0             1 
   137 Y[25,18]     *              0             0             1 
   138 Y[26,18]     *              0             0             1 
   139 Y[27,18]     *              0             0             1 
   140 Y[49,18]     *              0             0             1 
   141 Y[39,18]     *              0             0             1 
   142 Y[38,18]     *              0             0             1 
   143 Y[18,18]     *              0             0             1 
   144 Y[810,18]    *              0             0             1 
   145 Y[25,19]     *              0             0             1 
   146 Y[26,19]     *              0             0             1 
   147 Y[27,19]     *              0             0             1 
   148 Y[49,19]     *              0             0             1 
   149 Y[39,19]     *              0             0             1 
   150 Y[38,19]     *              0             0             1 
   151 Y[18,19]     *              0             0             1 
   152 Y[810,19]    *              0             0             1 
   153 Y[25,20]     *              0             0             1 
   154 Y[26,20]     *              0             0             1 
   155 Y[27,20]     *              0             0             1 
   156 Y[49,20]     *              0             0             1 
   157 Y[39,20]     *              0             0             1 
   158 Y[38,20]     *              0             0             1 
   159 Y[18,20]     *              0             0             1 
   160 Y[810,20]    *              0             0             1 
   161 Y[25,21]     *              0             0             1 
   162 Y[26,21]     *              0             0             1 
   163 Y[27,21]     *              0             0             1 
   164 Y[49,21]     *              0             0             1 
   165 Y[39,21]     *              0             0             1 
   166 Y[38,21]     *              0             0             1 
   167 Y[18,21]     *              0             0             1 
   168 Y[810,21]    *              0             0             1 
   169 Y[25,22]     *              0             0             1 
   170 Y[26,22]     *              0             0             1 
   171 Y[27,22]     *              0             0             1 
   172 Y[49,22]     *              0             0             1 
   173 Y[39,22]     *              0             0             1 
   174 Y[38,22]     *              0             0             1 
   175 Y[18,22]     *              0             0             1 
   176 Y[810,22]    *              0             0             1 
   177 Y[25,23]     *              0             0             1 
   178 Y[26,23]     *              0             0             1 
   179 Y[27,23]     *              0             0             1 
   180 Y[49,23]     *              0             0             1 
   181 Y[39,23]     *              0             0             1 
   182 Y[38,23]     *              0             0             1 
   183 Y[18,23]     *              0             0             1 
   184 Y[810,23]    *              0             0             1 
   185 Y[25,24]     *              0             0             1 
   186 Y[26,24]     *              0             0             1 
   187 Y[27,24]     *              0             0             1 
   188 Y[49,24]     *              0             0             1 
   189 Y[39,24]     *              0             0             1 
   190 Y[38,24]     *              0             0             1 
   191 Y[18,24]     *              0             0             1 
   192 Y[810,24]    *              0             0             1 
   193 Y[25,25]     *              0             0             1 
   194 Y[26,25]     *              0             0             1 
   195 Y[27,25]     *              0             0             1 
   196 Y[49,25]     *              0             0             1 
   197 Y[39,25]     *              0             0             1 
   198 Y[38,25]     *              0             0             1 
   199 Y[18,25]     *              0             0             1 
   200 Y[810,25]    *              0             0             1 
   201 Y[25,26]     *              0             0             1 
   202 Y[26,26]     *              0             0             1 
   203 Y[27,26]     *              0             0             1 
   204 Y[49,26]     *              0             0             1 
   205 Y[39,26]     *              0             0             1 
   206 Y[38,26]     *              0             0             1 
   207 Y[18,26]     *              0             0             1 
   208 Y[810,26]    *              0             0             1 
   209 Y[25,27]     *              0             0             1 
   210 Y[26,27]     *              0             0             1 
   211 Y[27,27]     *              0             0             1 
   212 Y[49,27]     *              0             0             1 
   213 Y[39,27]     *              0             0             1 
   214 Y[38,27]     *              0             0             1 
   215 Y[18,27]     *              0             0             1 
   216 Y[810,27]    *              0             0             1 
   217 Y[25,28]     *              0             0             1 
   218 Y[26,28]     *              0             0             1 
   219 Y[27,28]     *              0             0             1 
   220 Y[49,28]     *              0             0             1 
   221 Y[39,28]     *              0             0             1 
   222 Y[38,28]     *              0             0             1 
   223 Y[18,28]     *              0             0             1 
   224 Y[810,28]    *              0             0             1 
   225 Y[25,29]     *              0             0             1 
   226 Y[26,29]     *              0             0             1 
   227 Y[27,29]     *              0             0             1 
   228 Y[49,29]     *              0             0             1 
   229 Y[39,29]     *              0             0             1 
   230 Y[38,29]     *              0             0             1 
   231 Y[18,29]     *              0             0             1 
   232 Y[810,29]    *              0             0             1 
   233 Y[25,30]     *              0             0             1 
   234 Y[26,30]     *              0             0             1 
   235 Y[27,30]     *              0             0             1 
   236 Y[49,30]     *              0             0             1 
   237 Y[39,30]     *              0             0             1 
   238 Y[38,30]     *              0             0             1 
   239 Y[18,30]     *              0             0             1 
   240 Y[810,30]    *              0             0             1 
   241 ts[1]                       0                             
   242 ts[2]                       0                             
   243 ts[3]                       0                             
   244 ts[4]                       0                             
   245 ts[5]                       0                             
   246 ts[6]                       0                             
   247 ts[7]                       0                             
   248 ts[8]                       0                             
   249 ts[9]                       0                             
   250 ts[10]                      0                             
   251 ts[11]                      0                             
   252 ts[12]                      0                             
   253 ts[13]                      0                             
   254 ts[14]                      0                             
   255 ts[15]                      0                             
   256 ts[16]                      0                             
   257 ts[17]                      0                             
   258 ts[18]                      0                             
   259 ts[19]                      0                             
   260 ts[20]                      0                             
   261 ts[21]                      0                             
   262 ts[22]                      0                             
   263 ts[23]                      0                             
   264 ts[24]                      0                             
   265 ts[25]                      0                             
   266 ts[26]                      0                             
   267 ts[27]                      0                             
   268 ts[28]                      0                             
   269 ts[29]                      0                             
   270 ts[30]                      0                             
   271 tf[1]                       0                             
   272 tf[2]                       0                             
   273 tf[3]                       0                             
   274 tf[4]                       0                             
   275 tf[5]                       0                             
   276 tf[6]                       0                             
   277 tf[7]                       0                             
   278 tf[8]                       0                             
   279 tf[9]                       0                             
   280 tf[10]                      0                             
   281 tf[11]                      0                             
   282 tf[12]                      0                             
   283 tf[13]                      0                             
   284 tf[14]                      0                             
   285 tf[15]                      0                             
   286 tf[16]                      0                             
   287 tf[17]                      0                             
   288 tf[18]                      0                             
   289 tf[19]                      0                             
   290 tf[20]                      0                             
   291 tf[21]                      0                             
   292 tf[22]                      0                             
   293 tf[23]                      0                             
   294 tf[24]                      0                             
   295 tf[25]                      0                             
   296 tf[26]                      0                             
   297 tf[27]                      0                             
   298 tf[28]                      0                             
   299 tf[29]                      0                             
   300 tf[30]                      0                             

Integer feasibility conditions:

KKT.PE: max.abs.err = 0.00e+00 on row 0
        max.rel.err = 0.00e+00 on row 0
        High quality

KKT.PB: max.abs.err = 1.00e+00 on row 2
        max.rel.err = 5.00e-01 on row 2
        SOLUTION IS INFEASIBLE

End of output
